[debug] [2024-05-08T12:34:36.262Z] ----------------------------------------------------------------------
[debug] [2024-05-08T12:34:36.265Z] Command:       C:\Program Files\nodejs\node.exe C:\Users\leojo\AppData\Roaming\npm\node_modules\firebase-tools\lib\bin\firebase.js init
[debug] [2024-05-08T12:34:36.265Z] CLI Version:   13.8.0
[debug] [2024-05-08T12:34:36.265Z] Platform:      win32
[debug] [2024-05-08T12:34:36.265Z] Node Version:  v20.12.2
[debug] [2024-05-08T12:34:36.266Z] Time:          Wed May 08 2024 18:04:36 GMT+0530 (India Standard Time)
[debug] [2024-05-08T12:34:36.266Z] ----------------------------------------------------------------------
[debug] 
[debug] [2024-05-08T12:34:36.273Z] > command requires scopes: ["email","openid","https://www.googleapis.com/auth/cloudplatformprojects.readonly","https://www.googleapis.com/auth/firebase","https://www.googleapis.com/auth/cloud-platform"]
[debug] [2024-05-08T12:34:36.273Z] > authorizing via signed-in user (stanleyleojones@gmail.com)
[info] 
     ######## #### ########  ######## ########     ###     ######  ########
     ##        ##  ##     ## ##       ##     ##  ##   ##  ##       ##
     ######    ##  ########  ######   ########  #########  ######  ######
     ##        ##  ##    ##  ##       ##     ## ##     ##       ## ##
     ##       #### ##     ## ######## ########  ##     ##  ######  ########

You're about to initialize a Firebase project in this directory:

  C:\Users\leojo\Documents\GitHub\Facebook\front-end

[info] 
=== Project Setup
[info] 
[info] First, let's associate this project directory with a Firebase project.
[info] You can create multiple project aliases by running firebase use --add, 
[info] but for now we'll just set up a default project.
[info] 
[debug] [2024-05-08T12:34:51.730Z] >>> [apiv2][query] GET https://firebase.googleapis.com/v1beta1/projects pageSize=100
[debug] [2024-05-08T12:34:52.475Z] <<< [apiv2][status] GET https://firebase.googleapis.com/v1beta1/projects 200
[debug] [2024-05-08T12:34:52.475Z] <<< [apiv2][body] GET https://firebase.googleapis.com/v1beta1/projects [omitted]
[info] i  Using project facebook-clone-leo-jones (Facebook-clone-leo-jones) 
[info] 
=== Hosting Setup
[debug] [2024-05-08T12:34:54.185Z] >>> [apiv2][query] GET https://firebase.googleapis.com/v1beta1/projects/facebook-clone-leo-jones [none]
[debug] [2024-05-08T12:34:54.511Z] <<< [apiv2][status] GET https://firebase.googleapis.com/v1beta1/projects/facebook-clone-leo-jones 200
[debug] [2024-05-08T12:34:54.512Z] <<< [apiv2][body] GET https://firebase.googleapis.com/v1beta1/projects/facebook-clone-leo-jones {"projectId":"facebook-clone-leo-jones","projectNumber":"640304310164","displayName":"Facebook-clone-leo-jones","name":"projects/facebook-clone-leo-jones","resources":{"hostingSite":"facebook-clone-leo-jones"},"state":"ACTIVE","etag":"1_610a95ce-caff-41dd-841e-5d772d26685f"}
[info] 
[info] Your public directory is the folder (relative to your project directory) that
[info] will contain Hosting assets to be uploaded with firebase deploy. If you
[info] have a build process for your assets, use your build's output directory.
[info] 
[debug] [2024-05-08T12:43:26.436Z] ----------------------------------------------------------------------
[debug] [2024-05-08T12:43:26.438Z] Command:       C:\Program Files\nodejs\node.exe C:\Users\leojo\AppData\Roaming\npm\node_modules\firebase-tools\lib\bin\firebase.js init
[debug] [2024-05-08T12:43:26.438Z] CLI Version:   13.8.0
[debug] [2024-05-08T12:43:26.438Z] Platform:      win32
[debug] [2024-05-08T12:43:26.439Z] Node Version:  v20.12.2
[debug] [2024-05-08T12:43:26.439Z] Time:          Wed May 08 2024 18:13:26 GMT+0530 (India Standard Time)
[debug] [2024-05-08T12:43:26.439Z] ----------------------------------------------------------------------
[debug] 
[debug] [2024-05-08T12:43:26.447Z] > command requires scopes: ["email","openid","https://www.googleapis.com/auth/cloudplatformprojects.readonly","https://www.googleapis.com/auth/firebase","https://www.googleapis.com/auth/cloud-platform"]
[debug] [2024-05-08T12:43:26.448Z] > authorizing via signed-in user (stanleyleojones@gmail.com)
[info] 
     ######## #### ########  ######## ########     ###     ######  ########
     ##        ##  ##     ## ##       ##     ##  ##   ##  ##       ##
     ######    ##  ########  ######   ########  #########  ######  ######
     ##        ##  ##    ##  ##       ##     ## ##     ##       ## ##
     ##       #### ##     ## ######## ########  ##     ##  ######  ########

You're about to initialize a Firebase project in this directory:

  C:\Users\leojo\Documents\GitHub\Facebook\front-end

[info] 
=== Project Setup
[info] 
[info] First, let's associate this project directory with a Firebase project.
[info] You can create multiple project aliases by running firebase use --add, 
[info] but for now we'll just set up a default project.
[info] 
[debug] [2024-05-08T12:44:17.851Z] >>> [apiv2][query] GET https://firebase.googleapis.com/v1beta1/projects pageSize=100
[debug] [2024-05-08T12:44:18.726Z] <<< [apiv2][status] GET https://firebase.googleapis.com/v1beta1/projects 200
[debug] [2024-05-08T12:44:18.727Z] <<< [apiv2][body] GET https://firebase.googleapis.com/v1beta1/projects [omitted]
[info] i  Using project facebook-clone-leo-jones (Facebook-clone-leo-jones) 
[info] 
=== Hosting Setup
[debug] [2024-05-08T12:44:21.024Z] >>> [apiv2][query] GET https://firebase.googleapis.com/v1beta1/projects/facebook-clone-leo-jones [none]
[debug] [2024-05-08T12:44:21.385Z] <<< [apiv2][status] GET https://firebase.googleapis.com/v1beta1/projects/facebook-clone-leo-jones 200
[debug] [2024-05-08T12:44:21.385Z] <<< [apiv2][body] GET https://firebase.googleapis.com/v1beta1/projects/facebook-clone-leo-jones {"projectId":"facebook-clone-leo-jones","projectNumber":"640304310164","displayName":"Facebook-clone-leo-jones","name":"projects/facebook-clone-leo-jones","resources":{"hostingSite":"facebook-clone-leo-jones"},"state":"ACTIVE","etag":"1_610a95ce-caff-41dd-841e-5d772d26685f"}
[info] 
[info] Your public directory is the folder (relative to your project directory) that
[info] will contain Hosting assets to be uploaded with firebase deploy. If you
[info] have a build process for your assets, use your build's output directory.
[info] 
[info] +  Wrote build/404.html 
[debug] [2024-05-08T12:44:56.282Z] >>> [apiv2][query] GET https://www.gstatic.com/firebasejs/releases.json [none]
[debug] [2024-05-08T12:44:56.382Z] <<< [apiv2][status] GET https://www.gstatic.com/firebasejs/releases.json 200
[debug] [2024-05-08T12:44:56.382Z] <<< [apiv2][body] GET https://www.gstatic.com/firebasejs/releases.json {"current":{"version":"10.11.1","browserURL":"https://www.gstatic.com/firebasejs/10.11.1/firebase.js","packageURL":"https://www.gstatic.com/firebasejs/10.11.1/firebase.tgz"},"live":{"version":"10.11","browserURL":"https://www.gstatic.com/firebasejs/live/10.11/firebase.js","packageURL":"https://www.gstatic.com/firebasejs/live/10.11/firebase.tgz"},"components":{"analytics":"https://www.gstatic.com/firebasejs/10.11.1/firebase-analytics.js","app":"https://www.gstatic.com/firebasejs/10.11.1/firebase-app.js","app-check":"https://www.gstatic.com/firebasejs/10.11.1/firebase-app-check.js","auth":"https://www.gstatic.com/firebasejs/10.11.1/firebase-auth.js","auth/cordova":"https://www.gstatic.com/firebasejs/10.11.1/firebase-auth/cordova.js","auth/web-extension":"https://www.gstatic.com/firebasejs/10.11.1/firebase-auth/web-extension.js","functions":"https://www.gstatic.com/firebasejs/10.11.1/firebase-functions.js","firestore":"https://www.gstatic.com/firebasejs/10.11.1/firebase-firestore.js","firestore/lite":"https://www.gstatic.com/firebasejs/10.11.1/firebase-firestore/lite.js","installations":"https://www.gstatic.com/firebasejs/10.11.1/firebase-installations.js","storage":"https://www.gstatic.com/firebasejs/10.11.1/firebase-storage.js","performance":"https://www.gstatic.com/firebasejs/10.11.1/firebase-performance.js","remote-config":"https://www.gstatic.com/firebasejs/10.11.1/firebase-remote-config.js","messaging":"https://www.gstatic.com/firebasejs/10.11.1/firebase-messaging.js","messaging/sw":"https://www.gstatic.com/firebasejs/10.11.1/firebase-messaging/sw.js","database":"https://www.gstatic.com/firebasejs/10.11.1/firebase-database.js","firestore.memory":"https://www.gstatic.com/firebasejs/10.11.1/firebase-firestore.memory.js"}}
[info] i  Skipping write of build/index.html 
[info] 
[info] i  Writing configuration info to firebase.json... 
[info] i  Writing project information to .firebaserc... 
[info] 
[info] +  Firebase initialization complete! 
